<?xml version="1.0" encoding="UTF-8" standalone="no"?>
<simulation sizeX="100" sizeY="100" cycles="500" logfile="e:\Workshop\Workspace\2-2.txt">
	<robot class="com.khalev.RandomRobot" posX="50.0" posY="95" angle="180"/>
	<robot class="com.khalev.RandomRobot" posX="50.0" posY="5.0" angle="0"/>
	<robot class="com.khalev.RandomRobot" posX="5.0" posY="50" angle="90"/>
	<robot class="com.khalev.RandomRobot" posX="95.0" posY="50" angle="-90"/>
	<robot class="com.khalev.RandomRobot" posX="50.0" posY="50" angle="-45"/>
	<robot class="com.khalev.RandomRobot" posX="90.0" posY="15" angle="55"/>
	<robot class="com.khalev.RandomRobot" posX="70.0" posY="70" angle="70"/>
	<robot class="com.khalev.RandomRobot" posX="10.0" posY="70" angle="130"/>
</simulation>